<?xml version="1.0" encoding="UTF-8"?>
<!-- Generated by org.testng.reporters.JUnitXMLReporter -->
<testsuite ignored="2" hostname="Fatemas-MBP" failures="0" tests="1" name="Default test" time="22.302" errors="0" timestamp="2021-11-21T02:52:38 EST">
  <testcase classname="testClassCms.base.TestClass" name="signInTest2" time="14.132"/>
  <testcase classname="testClassCms.base.TestClass" name="signInTest" time="0.0">
    <ignored/>
  </testcase> <!-- signInTest -->
  <testcase classname="testClassCms.base.TestClass" name="signInTest1" time="0.0">
    <ignored/>
  </testcase> <!-- signInTest1 -->
</testsuite> <!-- Default test -->
