<?xml version="1.0" encoding="UTF-8"?>
<testng-results ignored="2" total="3" passed="1" failed="0" skipped="0">
  <reporter-output>
  </reporter-output>
  <suite started-at="2021-11-21T02:52:16 EST" name="Default suite" finished-at="2021-11-21T02:52:38 EST" duration-ms="22302">
    <groups>
    </groups>
    <test started-at="2021-11-21T02:52:16 EST" name="Default test" finished-at="2021-11-21T02:52:38 EST" duration-ms="22302">
      <class name="testClassCms.base.TestClass">
        <test-method is-config="true" signature="setup()[pri:0, instance:testClassCms.base.TestClass@69e1dd28]" started-at="2021-11-21T02:52:18 EST" name="setup" finished-at="2021-11-21T02:52:24 EST" duration-ms="6080" status="PASS">
          <reporter-output>
          </reporter-output>
        </test-method> <!-- setup -->
        <test-method is-config="true" signature="initialization()[pri:0, instance:testClassCms.base.TestClass@69e1dd28]" started-at="2021-11-21T02:52:24 EST" name="initialization" finished-at="2021-11-21T02:52:24 EST" duration-ms="65" status="PASS">
          <reporter-output>
          </reporter-output>
        </test-method> <!-- initialization -->
        <test-method signature="signInTest2(java.lang.String,java.lang.String,java.lang.String,java.lang.String,java.lang.String,java.lang.String,java.lang.String,java.lang.String,java.lang.String,java.lang.String,java.lang.String)[pri:3, instance:testClassCms.base.TestClass@69e1dd28]" started-at="2021-11-21T02:52:24 EST" name="signInTest2" data-provider="exceldata" finished-at="2021-11-21T02:52:38 EST" duration-ms="14132" status="PASS">
          <params>
            <param index="0">
              <value>
                <![CDATA[Nusrat]]>
              </value>
            </param>
            <param index="1">
              <value>
                <![CDATA[J]]>
              </value>
            </param>
            <param index="2">
              <value>
                <![CDATA[Azmir]]>
              </value>
            </param>
            <param index="3">
              <value>
                <![CDATA[12]]>
              </value>
            </param>
            <param index="4">
              <value>
                <![CDATA[28]]>
              </value>
            </param>
            <param index="5">
              <value>
                <![CDATA[1993]]>
              </value>
            </param>
            <param index="6">
              <value>
                <![CDATA[533 150 st]]>
              </value>
            </param>
            <param index="7">
              <value>
                <![CDATA[jamaica]]>
              </value>
            </param>
            <param index="8">
              <value>
                <![CDATA[11432]]>
              </value>
            </param>
            <param index="9">
              <value>
                <![CDATA[abc@gmail.com]]>
              </value>
            </param>
            <param index="10">
              <value>
                <![CDATA[abc@gmail.com]]>
              </value>
            </param>
          </params>
          <reporter-output>
          </reporter-output>
        </test-method> <!-- signInTest2 -->
        <test-method is-config="true" signature="tearup()[pri:0, instance:testClassCms.base.TestClass@69e1dd28]" started-at="2021-11-21T02:52:38 EST" name="tearup" finished-at="2021-11-21T02:52:38 EST" duration-ms="224" status="PASS">
          <reporter-output>
          </reporter-output>
        </test-method> <!-- tearup -->
      </class> <!-- testClassCms.base.TestClass -->
    </test> <!-- Default test -->
  </suite> <!-- Default suite -->
</testng-results>
